# JRE version: Java(TM) SE Runtime Environment (8.0_65-b17) (build 1.8.0_65-b17)
# Java VM: Java HotSpot(TM) Client VM (25.65-b01 mixed mode windows-x86 )
Heap:
 def new generation   total 39936K, used 33520K [0x04800000, 0x07350000, 0x09d50000)
  eden space 35520K,  82% used [0x04800000, 0x064aa0a8, 0x06ab0000)
  from space 4416K,  94% used [0x06f00000, 0x073120f8, 0x07350000)
  to   space 4416K,   0% used [0x06ab0000, 0x06ab0000, 0x06f00000)
 tenured generation   total 88648K, used 53187K [0x09d50000, 0x0f3e2000, 0x14800000)
   the space 88648K,  59% used [0x09d50000, 0x0d140fb8, 0x0d141000, 0x0f3e2000)
 Metaspace       used 32838K, capacity 34261K, committed 34304K, reserved 35200K
GC Heap History (10 events):
Event: 116.247 GC heap before
{Heap before GC invocations=102 (full 4):
 def new generation   total 22848K, used 22847K [0x04800000, 0x060c0000, 0x09d50000)
  eden space 20352K, 100% used [0x04800000, 0x05be0000, 0x05be0000)
  from space 2496K,  99% used [0x05be0000, 0x05e4fff8, 0x05e50000)
  to   space 2496K,   0% used [0x05e50000, 0x05e50000, 0x060c0000)
 tenured generation   total 50628K, used 43856K [0x09d50000, 0x0cec1000, 0x14800000)
   the space 50628K,  86% used [0x09d50000, 0x0c824168, 0x0c824200, 0x0cec1000)
 Metaspace       used 30252K, capacity 31571K, committed 31616K, reserved 32128K
Event: 116.255 GC heap after
Heap after GC invocations=103 (full 4):
 def new generation   total 22848K, used 1643K [0x04800000, 0x060c0000, 0x09d50000)
  eden space 20352K,   0% used [0x04800000, 0x04800000, 0x05be0000)
  from space 2496K,  65% used [0x05e50000, 0x05feaf30, 0x060c0000)
  to   space 2496K,   0% used [0x05be0000, 0x05be0000, 0x05e50000)
 tenured generation   total 50628K, used 45458K [0x09d50000, 0x0cec1000, 0x14800000)
   the space 50628K,  89% used [0x09d50000, 0x0c9b4b60, 0x0c9b4c00, 0x0cec1000)
 Metaspace       used 30252K, capacity 31571K, committed 31616K, reserved 32128K
}
Event: 116.699 GC heap before
{Heap before GC invocations=103 (full 4):
 def new generation   total 22848K, used 21549K [0x04800000, 0x060c0000, 0x09d50000)
  eden space 20352K,  97% used [0x04800000, 0x05b70708, 0x05be0000)
  from space 2496K,  65% used [0x05e50000, 0x05feaf30, 0x060c0000)
  to   space 2496K,   0% used [0x05be0000, 0x05be0000, 0x05e50000)
 tenured generation   total 50628K, used 45458K [0x09d50000, 0x0cec1000, 0x14800000)
   the space 50628K,  89% used [0x09d50000, 0x0c9b4b60, 0x0c9b4c00, 0x0cec1000)
 Metaspace       used 30647K, capacity 31989K, committed 32128K, reserved 32128K
Event: 116.707 GC heap after
Heap after GC invocations=104 (full 4):
 def new generation   total 22848K, used 2495K [0x04800000, 0x060c0000, 0x09d50000)
  eden space 20352K,   0% used [0x04800000, 0x04800000, 0x05be0000)
  from space 2496K,  99% used [0x05be0000, 0x05e4ffb8, 0x05e50000)
  to   space 2496K,   0% used [0x05e50000, 0x05e50000, 0x060c0000)
 tenured generation   total 50628K, used 46667K [0x09d50000, 0x0cec1000, 0x14800000)
   the space 50628K,  92% used [0x09d50000, 0x0cae2d50, 0x0cae2e00, 0x0cec1000)
 Metaspace       used 30647K, capacity 31989K, committed 32128K, reserved 32128K
}
Event: 116.823 GC heap before
{Heap before GC invocations=104 (full 4):
 def new generation   total 22848K, used 22847K [0x04800000, 0x060c0000, 0x09d50000)
  eden space 20352K, 100% used [0x04800000, 0x05be0000, 0x05be0000)
  from space 2496K,  99% used [0x05be0000, 0x05e4ffb8, 0x05e50000)
  to   space 2496K,   0% used [0x05e50000, 0x05e50000, 0x060c0000)
 tenured generation   total 50628K, used 46667K [0x09d50000, 0x0cec1000, 0x14800000)
   the space 50628K,  92% used [0x09d50000, 0x0cae2d50, 0x0cae2e00, 0x0cec1000)
 Metaspace       used 31157K, capacity 32533K, committed 32640K, reserved 33152K
Event: 116.833 GC heap after
Heap after GC invocations=105 (full 4):
 def new generation   total 22848K, used 2443K [0x04800000, 0x060c0000, 0x09d50000)
  eden space 20352K,   0% used [0x04800000, 0x04800000, 0x05be0000)
  from space 2496K,  97% used [0x05e50000, 0x060b2c20, 0x060c0000)
  to   space 2496K,   0% used [0x05be0000, 0x05be0000, 0x05e50000)
 tenured generation   total 50628K, used 47684K [0x09d50000, 0x0cec1000, 0x14800000)
   the space 50628K,  94% used [0x09d50000, 0x0cbe12f0, 0x0cbe1400, 0x0cec1000)
 Metaspace       used 31157K, capacity 32533K, committed 32640K, reserved 33152K
}
Event: 116.949 GC heap before
{Heap before GC invocations=105 (full 4):
 def new generation   total 22848K, used 22795K [0x04800000, 0x060c0000, 0x09d50000)
  eden space 20352K, 100% used [0x04800000, 0x05be0000, 0x05be0000)
  from space 2496K,  97% used [0x05e50000, 0x060b2c20, 0x060c0000)
  to   space 2496K,   0% used [0x05be0000, 0x05be0000, 0x05e50000)
 tenured generation   total 50628K, used 47684K [0x09d50000, 0x0cec1000, 0x14800000)
   the space 50628K,  94% used [0x09d50000, 0x0cbe12f0, 0x0cbe1400, 0x0cec1000)
 Metaspace       used 31273K, capacity 32638K, committed 32768K, reserved 33152K
Event: 117.117 GC heap after
Heap after GC invocations=106 (full 5):
 def new generation   total 39936K, used 397K [0x04800000, 0x07350000, 0x09d50000)
  eden space 35520K,   1% used [0x04800000, 0x04863710, 0x06ab0000)
  from space 4416K,   0% used [0x06ab0000, 0x06ab0000, 0x06f00000)
  to   space 4416K,   0% used [0x06f00000, 0x06f00000, 0x07350000)
 tenured generation   total 88648K, used 53187K [0x09d50000, 0x0f3e2000, 0x14800000)
   the space 88648K,  59% used [0x09d50000, 0x0d140fb8, 0x0d141000, 0x0f3e2000)
 Metaspace       used 31207K, capacity 32548K, committed 32768K, reserved 33152K
}
Event: 117.971 GC heap before
{Heap before GC invocations=106 (full 5):
 def new generation   total 39936K, used 35520K [0x04800000, 0x07350000, 0x09d50000)
  eden space 35520K, 100% used [0x04800000, 0x06ab0000, 0x06ab0000)
  from space 4416K,   0% used [0x06ab0000, 0x06ab0000, 0x06f00000)
  to   space 4416K,   0% used [0x06f00000, 0x06f00000, 0x07350000)
 tenured generation   total 88648K, used 53187K [0x09d50000, 0x0f3e2000, 0x14800000)
   the space 88648K,  59% used [0x09d50000, 0x0d140fb8, 0x0d141000, 0x0f3e2000)
 Metaspace       used 32141K, capacity 33476K, committed 33664K, reserved 34176K
Event: 118.006 GC heap after
Heap after GC invocations=107 (full 5):
 def new generation   total 39936K, used 4168K [0x04800000, 0x07350000, 0x09d50000)
  eden space 35520K,   0% used [0x04800000, 0x04800000, 0x06ab0000)
  from space 4416K,  94% used [0x06f00000, 0x073120f8, 0x07350000)
  to   space 4416K,   0% used [0x06ab0000, 0x06ab0000, 0x06f00000)
 tenured generation   total 88648K, used 53187K [0x09d50000, 0x0f3e2000, 0x14800000)
   the space 88648K,  59% used [0x09d50000, 0x0d140fb8, 0x0d141000, 0x0f3e2000)
 Metaspace       used 32141K, capacity 33476K, committed 33664K, reserved 34176K
}

