# JRE version: Java(TM) SE Runtime Environment (8.0_65-b17) (build 1.8.0_65-b17)
# Java VM: Java HotSpot(TM) Client VM (25.65-b01 mixed mode windows-x86 )
Heap:
 def new generation   total 14976K, used 6151K [0x04a00000, 0x05a30000, 0x09f50000)
  eden space 13376K,  42% used [0x04a00000, 0x04f7ebb8, 0x05710000)
  from space 1600K,  32% used [0x058a0000, 0x059231d8, 0x05a30000)
  to   space 1600K,   0% used [0x05710000, 0x05710000, 0x058a0000)
 tenured generation   total 33120K, used 26482K [0x09f50000, 0x0bfa8000, 0x14a00000)
   the space 33120K,  79% used [0x09f50000, 0x0b92c898, 0x0b92ca00, 0x0bfa8000)
 Metaspace       used 30841K, capacity 32322K, committed 32384K, reserved 33152K
GC Heap History (10 events):
Event: 1445713.114 GC heap before
{Heap before GC invocations=130 (full 4):
 def new generation   total 14976K, used 13905K [0x04a00000, 0x05a30000, 0x09f50000)
  eden space 13376K, 100% used [0x04a00000, 0x05710000, 0x05710000)
  from space 1600K,  33% used [0x05710000, 0x05794618, 0x058a0000)
  to   space 1600K,   0% used [0x058a0000, 0x058a0000, 0x05a30000)
 tenured generation   total 33120K, used 26482K [0x09f50000, 0x0bfa8000, 0x14a00000)
   the space 33120K,  79% used [0x09f50000, 0x0b92c898, 0x0b92ca00, 0x0bfa8000)
 Metaspace       used 30841K, capacity 32322K, committed 32384K, reserved 33152K
Event: 1445713.118 GC heap after
Heap after GC invocations=131 (full 4):
 def new generation   total 14976K, used 527K [0x04a00000, 0x05a30000, 0x09f50000)
  eden space 13376K,   0% used [0x04a00000, 0x04a00000, 0x05710000)
  from space 1600K,  32% used [0x058a0000, 0x05923e98, 0x05a30000)
  to   space 1600K,   0% used [0x05710000, 0x05710000, 0x058a0000)
 tenured generation   total 33120K, used 26482K [0x09f50000, 0x0bfa8000, 0x14a00000)
   the space 33120K,  79% used [0x09f50000, 0x0b92c898, 0x0b92ca00, 0x0bfa8000)
 Metaspace       used 30841K, capacity 32322K, committed 32384K, reserved 33152K
}
Event: 1445833.579 GC heap before
{Heap before GC invocations=131 (full 4):
 def new generation   total 14976K, used 13903K [0x04a00000, 0x05a30000, 0x09f50000)
  eden space 13376K, 100% used [0x04a00000, 0x05710000, 0x05710000)
  from space 1600K,  32% used [0x058a0000, 0x05923e98, 0x05a30000)
  to   space 1600K,   0% used [0x05710000, 0x05710000, 0x058a0000)
 tenured generation   total 33120K, used 26482K [0x09f50000, 0x0bfa8000, 0x14a00000)
   the space 33120K,  79% used [0x09f50000, 0x0b92c898, 0x0b92ca00, 0x0bfa8000)
 Metaspace       used 30841K, capacity 32322K, committed 32384K, reserved 33152K
Event: 1445833.583 GC heap after
Heap after GC invocations=132 (full 4):
 def new generation   total 14976K, used 525K [0x04a00000, 0x05a30000, 0x09f50000)
  eden space 13376K,   0% used [0x04a00000, 0x04a00000, 0x05710000)
  from space 1600K,  32% used [0x05710000, 0x05793658, 0x058a0000)
  to   space 1600K,   0% used [0x058a0000, 0x058a0000, 0x05a30000)
 tenured generation   total 33120K, used 26482K [0x09f50000, 0x0bfa8000, 0x14a00000)
   the space 33120K,  79% used [0x09f50000, 0x0b92c898, 0x0b92ca00, 0x0bfa8000)
 Metaspace       used 30841K, capacity 32322K, committed 32384K, reserved 33152K
}
Event: 1445953.549 GC heap before
{Heap before GC invocations=132 (full 4):
 def new generation   total 14976K, used 13901K [0x04a00000, 0x05a30000, 0x09f50000)
  eden space 13376K, 100% used [0x04a00000, 0x05710000, 0x05710000)
  from space 1600K,  32% used [0x05710000, 0x05793658, 0x058a0000)
  to   space 1600K,   0% used [0x058a0000, 0x058a0000, 0x05a30000)
 tenured generation   total 33120K, used 26482K [0x09f50000, 0x0bfa8000, 0x14a00000)
   the space 33120K,  79% used [0x09f50000, 0x0b92c898, 0x0b92ca00, 0x0bfa8000)
 Metaspace       used 30841K, capacity 32322K, committed 32384K, reserved 33152K
Event: 1445953.553 GC heap after
Heap after GC invocations=133 (full 4):
 def new generation   total 14976K, used 525K [0x04a00000, 0x05a30000, 0x09f50000)
  eden space 13376K,   0% used [0x04a00000, 0x04a00000, 0x05710000)
  from space 1600K,  32% used [0x058a0000, 0x05923580, 0x05a30000)
  to   space 1600K,   0% used [0x05710000, 0x05710000, 0x058a0000)
 tenured generation   total 33120K, used 26482K [0x09f50000, 0x0bfa8000, 0x14a00000)
   the space 33120K,  79% used [0x09f50000, 0x0b92c898, 0x0b92ca00, 0x0bfa8000)
 Metaspace       used 30841K, capacity 32322K, committed 32384K, reserved 33152K
}
Event: 1446073.234 GC heap before
{Heap before GC invocations=133 (full 4):
 def new generation   total 14976K, used 13901K [0x04a00000, 0x05a30000, 0x09f50000)
  eden space 13376K, 100% used [0x04a00000, 0x05710000, 0x05710000)
  from space 1600K,  32% used [0x058a0000, 0x05923580, 0x05a30000)
  to   space 1600K,   0% used [0x05710000, 0x05710000, 0x058a0000)
 tenured generation   total 33120K, used 26482K [0x09f50000, 0x0bfa8000, 0x14a00000)
   the space 33120K,  79% used [0x09f50000, 0x0b92c898, 0x0b92ca00, 0x0bfa8000)
 Metaspace       used 30841K, capacity 32322K, committed 32384K, reserved 33152K
Event: 1446073.239 GC heap after
Heap after GC invocations=134 (full 4):
 def new generation   total 14976K, used 524K [0x04a00000, 0x05a30000, 0x09f50000)
  eden space 13376K,   0% used [0x04a00000, 0x04a00000, 0x05710000)
  from space 1600K,  32% used [0x05710000, 0x05793398, 0x058a0000)
  to   space 1600K,   0% used [0x058a0000, 0x058a0000, 0x05a30000)
 tenured generation   total 33120K, used 26482K [0x09f50000, 0x0bfa8000, 0x14a00000)
   the space 33120K,  79% used [0x09f50000, 0x0b92c898, 0x0b92ca00, 0x0bfa8000)
 Metaspace       used 30841K, capacity 32322K, committed 32384K, reserved 33152K
}
Event: 1446192.617 GC heap before
{Heap before GC invocations=134 (full 4):
 def new generation   total 14976K, used 13900K [0x04a00000, 0x05a30000, 0x09f50000)
  eden space 13376K, 100% used [0x04a00000, 0x05710000, 0x05710000)
  from space 1600K,  32% used [0x05710000, 0x05793398, 0x058a0000)
  to   space 1600K,   0% used [0x058a0000, 0x058a0000, 0x05a30000)
 tenured generation   total 33120K, used 26482K [0x09f50000, 0x0bfa8000, 0x14a00000)
   the space 33120K,  79% used [0x09f50000, 0x0b92c898, 0x0b92ca00, 0x0bfa8000)
 Metaspace       used 30841K, capacity 32322K, committed 32384K, reserved 33152K
Event: 1446192.621 GC heap after
Heap after GC invocations=135 (full 4):
 def new generation   total 14976K, used 524K [0x04a00000, 0x05a30000, 0x09f50000)
  eden space 13376K,   0% used [0x04a00000, 0x04a00000, 0x05710000)
  from space 1600K,  32% used [0x058a0000, 0x059231d8, 0x05a30000)
  to   space 1600K,   0% used [0x05710000, 0x05710000, 0x058a0000)
 tenured generation   total 33120K, used 26482K [0x09f50000, 0x0bfa8000, 0x14a00000)
   the space 33120K,  79% used [0x09f50000, 0x0b92c898, 0x0b92ca00, 0x0bfa8000)
 Metaspace       used 30841K, capacity 32322K, committed 32384K, reserved 33152K
}

