# JRE version: Java(TM) SE Runtime Environment (8.0_65-b17) (build 1.8.0_65-b17)
# Java VM: Java HotSpot(TM) Client VM (25.65-b01 mixed mode windows-x86 )
Heap:
 def new generation   total 9280K, used 1480K [0x04800000, 0x05210000, 0x09d50000)
  eden space 8256K,   9% used [0x04800000, 0x048c5c18, 0x05010000)
  from space 1024K,  67% used [0x05110000, 0x051bc728, 0x05210000)
  to   space 1024K,   0% used [0x05010000, 0x05010000, 0x05110000)
 tenured generation   total 20572K, used 19556K [0x09d50000, 0x0b167000, 0x14800000)
   the space 20572K,  95% used [0x09d50000, 0x0b069220, 0x0b069400, 0x0b167000)
 Metaspace       used 24099K, capacity 25373K, committed 25472K, reserved 25984K
GC Heap History (10 events):
Event: 6.378 GC heap before
{Heap before GC invocations=87 (full 3):
 def new generation   total 9280K, used 9054K [0x04800000, 0x05210000, 0x09d50000)
  eden space 8256K, 100% used [0x04800000, 0x05010000, 0x05010000)
  from space 1024K,  77% used [0x05010000, 0x050d7a58, 0x05110000)
  to   space 1024K,   0% used [0x05110000, 0x05110000, 0x05210000)
 tenured generation   total 20572K, used 17361K [0x09d50000, 0x0b167000, 0x14800000)
   the space 20572K,  84% used [0x09d50000, 0x0ae446d0, 0x0ae44800, 0x0b167000)
 Metaspace       used 22960K, capacity 24082K, committed 24192K, reserved 24960K
Event: 6.383 GC heap after
Heap after GC invocations=88 (full 3):
 def new generation   total 9280K, used 846K [0x04800000, 0x05210000, 0x09d50000)
  eden space 8256K,   0% used [0x04800000, 0x04800000, 0x05010000)
  from space 1024K,  82% used [0x05110000, 0x051e3898, 0x05210000)
  to   space 1024K,   0% used [0x05010000, 0x05010000, 0x05110000)
 tenured generation   total 20572K, used 17786K [0x09d50000, 0x0b167000, 0x14800000)
   the space 20572K,  86% used [0x09d50000, 0x0aeaea90, 0x0aeaec00, 0x0b167000)
 Metaspace       used 22960K, capacity 24082K, committed 24192K, reserved 24960K
}
Event: 6.479 GC heap before
{Heap before GC invocations=88 (full 3):
 def new generation   total 9280K, used 9102K [0x04800000, 0x05210000, 0x09d50000)
  eden space 8256K, 100% used [0x04800000, 0x05010000, 0x05010000)
  from space 1024K,  82% used [0x05110000, 0x051e3898, 0x05210000)
  to   space 1024K,   0% used [0x05010000, 0x05010000, 0x05110000)
 tenured generation   total 20572K, used 17786K [0x09d50000, 0x0b167000, 0x14800000)
   the space 20572K,  86% used [0x09d50000, 0x0aeaea90, 0x0aeaec00, 0x0b167000)
 Metaspace       used 23170K, capacity 24347K, committed 24448K, reserved 24960K
Event: 6.484 GC heap after
Heap after GC invocations=89 (full 3):
 def new generation   total 9280K, used 639K [0x04800000, 0x05210000, 0x09d50000)
  eden space 8256K,   0% used [0x04800000, 0x04800000, 0x05010000)
  from space 1024K,  62% used [0x05010000, 0x050afe90, 0x05110000)
  to   space 1024K,   0% used [0x05110000, 0x05110000, 0x05210000)
 tenured generation   total 20572K, used 18275K [0x09d50000, 0x0b167000, 0x14800000)
   the space 20572K,  88% used [0x09d50000, 0x0af28f98, 0x0af29000, 0x0b167000)
 Metaspace       used 23170K, capacity 24347K, committed 24448K, reserved 24960K
}
Event: 6.567 GC heap before
{Heap before GC invocations=89 (full 3):
 def new generation   total 9280K, used 8895K [0x04800000, 0x05210000, 0x09d50000)
  eden space 8256K, 100% used [0x04800000, 0x05010000, 0x05010000)
  from space 1024K,  62% used [0x05010000, 0x050afe90, 0x05110000)
  to   space 1024K,   0% used [0x05110000, 0x05110000, 0x05210000)
 tenured generation   total 20572K, used 18275K [0x09d50000, 0x0b167000, 0x14800000)
   the space 20572K,  88% used [0x09d50000, 0x0af28f98, 0x0af29000, 0x0b167000)
 Metaspace       used 23462K, capacity 24695K, committed 24704K, reserved 24960K
Event: 6.571 GC heap after
Heap after GC invocations=90 (full 3):
 def new generation   total 9280K, used 829K [0x04800000, 0x05210000, 0x09d50000)
  eden space 8256K,   0% used [0x04800000, 0x04800000, 0x05010000)
  from space 1024K,  81% used [0x05110000, 0x051df7e8, 0x05210000)
  to   space 1024K,   0% used [0x05010000, 0x05010000, 0x05110000)
 tenured generation   total 20572K, used 18660K [0x09d50000, 0x0b167000, 0x14800000)
   the space 20572K,  90% used [0x09d50000, 0x0af892d8, 0x0af89400, 0x0b167000)
 Metaspace       used 23462K, capacity 24695K, committed 24704K, reserved 24960K
}
Event: 6.635 GC heap before
{Heap before GC invocations=90 (full 3):
 def new generation   total 9280K, used 9085K [0x04800000, 0x05210000, 0x09d50000)
  eden space 8256K, 100% used [0x04800000, 0x05010000, 0x05010000)
  from space 1024K,  81% used [0x05110000, 0x051df7e8, 0x05210000)
  to   space 1024K,   0% used [0x05010000, 0x05010000, 0x05110000)
 tenured generation   total 20572K, used 18660K [0x09d50000, 0x0b167000, 0x14800000)
   the space 20572K,  90% used [0x09d50000, 0x0af892d8, 0x0af89400, 0x0b167000)
 Metaspace       used 23712K, capacity 24926K, committed 24960K, reserved 24960K
Event: 6.640 GC heap after
Heap after GC invocations=91 (full 3):
 def new generation   total 9280K, used 855K [0x04800000, 0x05210000, 0x09d50000)
  eden space 8256K,   0% used [0x04800000, 0x04800000, 0x05010000)
  from space 1024K,  83% used [0x05010000, 0x050e5f60, 0x05110000)
  to   space 1024K,   0% used [0x05110000, 0x05110000, 0x05210000)
 tenured generation   total 20572K, used 19019K [0x09d50000, 0x0b167000, 0x14800000)
   the space 20572K,  92% used [0x09d50000, 0x0afe2cb0, 0x0afe2e00, 0x0b167000)
 Metaspace       used 23712K, capacity 24926K, committed 24960K, reserved 24960K
}
Event: 7.270 GC heap before
{Heap before GC invocations=91 (full 3):
 def new generation   total 9280K, used 9111K [0x04800000, 0x05210000, 0x09d50000)
  eden space 8256K, 100% used [0x04800000, 0x05010000, 0x05010000)
  from space 1024K,  83% used [0x05010000, 0x050e5f60, 0x05110000)
  to   space 1024K,   0% used [0x05110000, 0x05110000, 0x05210000)
 tenured generation   total 20572K, used 19019K [0x09d50000, 0x0b167000, 0x14800000)
   the space 20572K,  92% used [0x09d50000, 0x0afe2cb0, 0x0afe2e00, 0x0b167000)
 Metaspace       used 24099K, capacity 25373K, committed 25472K, reserved 25984K
Event: 7.277 GC heap after
Heap after GC invocations=92 (full 3):
 def new generation   total 9280K, used 689K [0x04800000, 0x05210000, 0x09d50000)
  eden space 8256K,   0% used [0x04800000, 0x04800000, 0x05010000)
  from space 1024K,  67% used [0x05110000, 0x051bc728, 0x05210000)
  to   space 1024K,   0% used [0x05010000, 0x05010000, 0x05110000)
 tenured generation   total 20572K, used 19556K [0x09d50000, 0x0b167000, 0x14800000)
   the space 20572K,  95% used [0x09d50000, 0x0b069220, 0x0b069400, 0x0b167000)
 Metaspace       used 24099K, capacity 25373K, committed 25472K, reserved 25984K
}

