# JRE version: Java(TM) SE Runtime Environment (8.0_65-b17) (build 1.8.0_65-b17)
# Java VM: Java HotSpot(TM) Client VM (25.65-b01 mixed mode windows-x86 )
Heap:
 def new generation   total 14272K, used 11289K [0x05200000, 0x06170000, 0x0a750000)
  eden space 12736K,  80% used [0x05200000, 0x05bf7b30, 0x05e70000)
  from space 1536K,  70% used [0x05ff0000, 0x060fec20, 0x06170000)
  to   space 1536K,   0% used [0x05e70000, 0x05e70000, 0x05ff0000)
 tenured generation   total 31520K, used 18911K [0x0a750000, 0x0c618000, 0x15200000)
   the space 31520K,  59% used [0x0a750000, 0x0b9c7f20, 0x0b9c8000, 0x0c618000)
 Metaspace       used 28178K, capacity 29547K, committed 29696K, reserved 30080K
GC Heap History (10 events):
Event: 13.980 GC heap before
{Heap before GC invocations=88 (full 3):
 def new generation   total 11200K, used 10827K [0x05200000, 0x05e20000, 0x0a750000)
  eden space 9984K, 100% used [0x05200000, 0x05bc0000, 0x05bc0000)
  from space 1216K,  69% used [0x05bc0000, 0x05c92e58, 0x05cf0000)
  to   space 1216K,   0% used [0x05cf0000, 0x05cf0000, 0x05e20000)
 tenured generation   total 24696K, used 22279K [0x0a750000, 0x0bf6e000, 0x15200000)
   the space 24696K,  90% used [0x0a750000, 0x0bd11db8, 0x0bd11e00, 0x0bf6e000)
 Metaspace       used 25158K, capacity 26437K, committed 26496K, reserved 27008K
Event: 13.986 GC heap after
Heap after GC invocations=89 (full 3):
 def new generation   total 11200K, used 1064K [0x05200000, 0x05e20000, 0x0a750000)
  eden space 9984K,   0% used [0x05200000, 0x05200000, 0x05bc0000)
  from space 1216K,  87% used [0x05cf0000, 0x05dfa0e0, 0x05e20000)
  to   space 1216K,   0% used [0x05bc0000, 0x05bc0000, 0x05cf0000)
 tenured generation   total 24696K, used 22556K [0x0a750000, 0x0bf6e000, 0x15200000)
   the space 24696K,  91% used [0x0a750000, 0x0bd57118, 0x0bd57200, 0x0bf6e000)
 Metaspace       used 25158K, capacity 26437K, committed 26496K, reserved 27008K
}
Event: 14.118 GC heap before
{Heap before GC invocations=89 (full 3):
 def new generation   total 11200K, used 11048K [0x05200000, 0x05e20000, 0x0a750000)
  eden space 9984K, 100% used [0x05200000, 0x05bc0000, 0x05bc0000)
  from space 1216K,  87% used [0x05cf0000, 0x05dfa0e0, 0x05e20000)
  to   space 1216K,   0% used [0x05bc0000, 0x05bc0000, 0x05cf0000)
 tenured generation   total 24696K, used 22556K [0x0a750000, 0x0bf6e000, 0x15200000)
   the space 24696K,  91% used [0x0a750000, 0x0bd57118, 0x0bd57200, 0x0bf6e000)
 Metaspace       used 25672K, capacity 27011K, committed 27136K, reserved 28032K
Event: 14.122 GC heap after
Heap after GC invocations=90 (full 3):
 def new generation   total 11200K, used 762K [0x05200000, 0x05e20000, 0x0a750000)
  eden space 9984K,   0% used [0x05200000, 0x05200000, 0x05bc0000)
  from space 1216K,  62% used [0x05bc0000, 0x05c7e880, 0x05cf0000)
  to   space 1216K,   0% used [0x05cf0000, 0x05cf0000, 0x05e20000)
 tenured generation   total 24696K, used 22792K [0x0a750000, 0x0bf6e000, 0x15200000)
   the space 24696K,  92% used [0x0a750000, 0x0bd922f0, 0x0bd92400, 0x0bf6e000)
 Metaspace       used 25672K, capacity 27011K, committed 27136K, reserved 28032K
}
Event: 14.337 GC heap before
{Heap before GC invocations=90 (full 3):
 def new generation   total 11200K, used 10746K [0x05200000, 0x05e20000, 0x0a750000)
  eden space 9984K, 100% used [0x05200000, 0x05bc0000, 0x05bc0000)
  from space 1216K,  62% used [0x05bc0000, 0x05c7e880, 0x05cf0000)
  to   space 1216K,   0% used [0x05cf0000, 0x05cf0000, 0x05e20000)
 tenured generation   total 24696K, used 22792K [0x0a750000, 0x0bf6e000, 0x15200000)
   the space 24696K,  92% used [0x0a750000, 0x0bd922f0, 0x0bd92400, 0x0bf6e000)
 Metaspace       used 26659K, capacity 27996K, committed 28032K, reserved 28032K
Event: 14.342 GC heap after
Heap after GC invocations=91 (full 3):
 def new generation   total 11200K, used 1216K [0x05200000, 0x05e20000, 0x0a750000)
  eden space 9984K,   0% used [0x05200000, 0x05200000, 0x05bc0000)
  from space 1216K, 100% used [0x05cf0000, 0x05e20000, 0x05e20000)
  to   space 1216K,   0% used [0x05bc0000, 0x05bc0000, 0x05cf0000)
 tenured generation   total 24696K, used 24126K [0x0a750000, 0x0bf6e000, 0x15200000)
   the space 24696K,  97% used [0x0a750000, 0x0bedf940, 0x0bedfa00, 0x0bf6e000)
 Metaspace       used 26659K, capacity 27996K, committed 28032K, reserved 28032K
}
Event: 14.751 GC heap before
{Heap before GC invocations=91 (full 3):
 def new generation   total 11200K, used 11200K [0x05200000, 0x05e20000, 0x0a750000)
  eden space 9984K, 100% used [0x05200000, 0x05bc0000, 0x05bc0000)
  from space 1216K, 100% used [0x05cf0000, 0x05e20000, 0x05e20000)
  to   space 1216K,   0% used [0x05bc0000, 0x05bc0000, 0x05cf0000)
 tenured generation   total 24696K, used 24126K [0x0a750000, 0x0bf6e000, 0x15200000)
   the space 24696K,  97% used [0x0a750000, 0x0bedf940, 0x0bedfa00, 0x0bf6e000)
 Metaspace       used 27575K, capacity 28920K, committed 28928K, reserved 29056K
Event: 14.841 GC heap after
Heap after GC invocations=92 (full 4):
 def new generation   total 14272K, used 0K [0x05200000, 0x06170000, 0x0a750000)
  eden space 12736K,   0% used [0x05200000, 0x05200000, 0x05e70000)
  from space 1536K,   0% used [0x05e70000, 0x05e70000, 0x05ff0000)
  to   space 1536K,   0% used [0x05ff0000, 0x05ff0000, 0x06170000)
 tenured generation   total 31520K, used 18911K [0x0a750000, 0x0c618000, 0x15200000)
   the space 31520K,  59% used [0x0a750000, 0x0b9c7f20, 0x0b9c8000, 0x0c618000)
 Metaspace       used 27505K, capacity 28825K, committed 28928K, reserved 29056K
}
Event: 59.620 GC heap before
{Heap before GC invocations=92 (full 4):
 def new generation   total 14272K, used 12736K [0x05200000, 0x06170000, 0x0a750000)
  eden space 12736K, 100% used [0x05200000, 0x05e70000, 0x05e70000)
  from space 1536K,   0% used [0x05e70000, 0x05e70000, 0x05ff0000)
  to   space 1536K,   0% used [0x05ff0000, 0x05ff0000, 0x06170000)
 tenured generation   total 31520K, used 18911K [0x0a750000, 0x0c618000, 0x15200000)
   the space 31520K,  59% used [0x0a750000, 0x0b9c7f20, 0x0b9c8000, 0x0c618000)
 Metaspace       used 28169K, capacity 29510K, committed 29696K, reserved 30080K
Event: 59.626 GC heap after
Heap after GC invocations=93 (full 4):
 def new generation   total 14272K, used 1083K [0x05200000, 0x06170000, 0x0a750000)
  eden space 12736K,   0% used [0x05200000, 0x05200000, 0x05e70000)
  from space 1536K,  70% used [0x05ff0000, 0x060fec20, 0x06170000)
  to   space 1536K,   0% used [0x05e70000, 0x05e70000, 0x05ff0000)
 tenured generation   total 31520K, used 18911K [0x0a750000, 0x0c618000, 0x15200000)
   the space 31520K,  59% used [0x0a750000, 0x0b9c7f20, 0x0b9c8000, 0x0c618000)
 Metaspace       used 28169K, capacity 29510K, committed 29696K, reserved 30080K
}

