# JRE version: Java(TM) SE Runtime Environment (8.0_65-b17) (build 1.8.0_65-b17)
# Java VM: Java HotSpot(TM) Client VM (25.65-b01 mixed mode windows-x86 )
Heap:
 def new generation   total 12928K, used 2130K [0x04a00000, 0x05800000, 0x09f50000)
  eden space 11520K,  14% used [0x04a00000, 0x04baaf38, 0x05540000)
  from space 1408K,  29% used [0x05540000, 0x055a9920, 0x056a0000)
  to   space 1408K,   0% used [0x056a0000, 0x056a0000, 0x05800000)
 tenured generation   total 28516K, used 25735K [0x09f50000, 0x0bb29000, 0x14a00000)
   the space 28516K,  90% used [0x09f50000, 0x0b871c90, 0x0b871e00, 0x0bb29000)
 Metaspace       used 30732K, capacity 32162K, committed 32256K, reserved 33152K
GC Heap History (10 events):
Event: 213.291 GC heap before
{Heap before GC invocations=103 (full 4):
 def new generation   total 12928K, used 12079K [0x04a00000, 0x05800000, 0x09f50000)
  eden space 11520K, 100% used [0x04a00000, 0x05540000, 0x05540000)
  from space 1408K,  39% used [0x056a0000, 0x0572bd98, 0x05800000)
  to   space 1408K,   0% used [0x05540000, 0x05540000, 0x056a0000)
 tenured generation   total 28516K, used 25735K [0x09f50000, 0x0bb29000, 0x14a00000)
   the space 28516K,  90% used [0x09f50000, 0x0b871c90, 0x0b871e00, 0x0bb29000)
 Metaspace       used 30551K, capacity 31929K, committed 32000K, reserved 32128K
Event: 213.295 GC heap after
Heap after GC invocations=104 (full 4):
 def new generation   total 12928K, used 453K [0x04a00000, 0x05800000, 0x09f50000)
  eden space 11520K,   0% used [0x04a00000, 0x04a00000, 0x05540000)
  from space 1408K,  32% used [0x05540000, 0x055b1430, 0x056a0000)
  to   space 1408K,   0% used [0x056a0000, 0x056a0000, 0x05800000)
 tenured generation   total 28516K, used 25735K [0x09f50000, 0x0bb29000, 0x14a00000)
   the space 28516K,  90% used [0x09f50000, 0x0b871c90, 0x0b871e00, 0x0bb29000)
 Metaspace       used 30551K, capacity 31929K, committed 32000K, reserved 32128K
}
Event: 317.066 GC heap before
{Heap before GC invocations=104 (full 4):
 def new generation   total 12928K, used 11973K [0x04a00000, 0x05800000, 0x09f50000)
  eden space 11520K, 100% used [0x04a00000, 0x05540000, 0x05540000)
  from space 1408K,  32% used [0x05540000, 0x055b1430, 0x056a0000)
  to   space 1408K,   0% used [0x056a0000, 0x056a0000, 0x05800000)
 tenured generation   total 28516K, used 25735K [0x09f50000, 0x0bb29000, 0x14a00000)
   the space 28516K,  90% used [0x09f50000, 0x0b871c90, 0x0b871e00, 0x0bb29000)
 Metaspace       used 30551K, capacity 31929K, committed 32000K, reserved 32128K
Event: 317.069 GC heap after
Heap after GC invocations=105 (full 4):
 def new generation   total 12928K, used 229K [0x04a00000, 0x05800000, 0x09f50000)
  eden space 11520K,   0% used [0x04a00000, 0x04a00000, 0x05540000)
  from space 1408K,  16% used [0x056a0000, 0x056d9460, 0x05800000)
  to   space 1408K,   0% used [0x05540000, 0x05540000, 0x056a0000)
 tenured generation   total 28516K, used 25735K [0x09f50000, 0x0bb29000, 0x14a00000)
   the space 28516K,  90% used [0x09f50000, 0x0b871c90, 0x0b871e00, 0x0bb29000)
 Metaspace       used 30551K, capacity 31929K, committed 32000K, reserved 32128K
}
Event: 405.209 GC heap before
{Heap before GC invocations=105 (full 4):
 def new generation   total 12928K, used 11749K [0x04a00000, 0x05800000, 0x09f50000)
  eden space 11520K, 100% used [0x04a00000, 0x05540000, 0x05540000)
  from space 1408K,  16% used [0x056a0000, 0x056d9460, 0x05800000)
  to   space 1408K,   0% used [0x05540000, 0x05540000, 0x056a0000)
 tenured generation   total 28516K, used 25735K [0x09f50000, 0x0bb29000, 0x14a00000)
   the space 28516K,  90% used [0x09f50000, 0x0b871c90, 0x0b871e00, 0x0bb29000)
 Metaspace       used 30600K, capacity 32004K, committed 32128K, reserved 32128K
Event: 405.213 GC heap after
Heap after GC invocations=106 (full 4):
 def new generation   total 12928K, used 290K [0x04a00000, 0x05800000, 0x09f50000)
  eden space 11520K,   0% used [0x04a00000, 0x04a00000, 0x05540000)
  from space 1408K,  20% used [0x05540000, 0x055889d0, 0x056a0000)
  to   space 1408K,   0% used [0x056a0000, 0x056a0000, 0x05800000)
 tenured generation   total 28516K, used 25735K [0x09f50000, 0x0bb29000, 0x14a00000)
   the space 28516K,  90% used [0x09f50000, 0x0b871c90, 0x0b871e00, 0x0bb29000)
 Metaspace       used 30600K, capacity 32004K, committed 32128K, reserved 32128K
}
Event: 457.430 GC heap before
{Heap before GC invocations=106 (full 4):
 def new generation   total 12928K, used 11810K [0x04a00000, 0x05800000, 0x09f50000)
  eden space 11520K, 100% used [0x04a00000, 0x05540000, 0x05540000)
  from space 1408K,  20% used [0x05540000, 0x055889d0, 0x056a0000)
  to   space 1408K,   0% used [0x056a0000, 0x056a0000, 0x05800000)
 tenured generation   total 28516K, used 25735K [0x09f50000, 0x0bb29000, 0x14a00000)
   the space 28516K,  90% used [0x09f50000, 0x0b871c90, 0x0b871e00, 0x0bb29000)
 Metaspace       used 30728K, capacity 32157K, committed 32256K, reserved 33152K
Event: 457.434 GC heap after
Heap after GC invocations=107 (full 4):
 def new generation   total 12928K, used 525K [0x04a00000, 0x05800000, 0x09f50000)
  eden space 11520K,   0% used [0x04a00000, 0x04a00000, 0x05540000)
  from space 1408K,  37% used [0x056a0000, 0x05723778, 0x05800000)
  to   space 1408K,   0% used [0x05540000, 0x05540000, 0x056a0000)
 tenured generation   total 28516K, used 25735K [0x09f50000, 0x0bb29000, 0x14a00000)
   the space 28516K,  90% used [0x09f50000, 0x0b871c90, 0x0b871e00, 0x0bb29000)
 Metaspace       used 30728K, capacity 32157K, committed 32256K, reserved 33152K
}
Event: 526.676 GC heap before
{Heap before GC invocations=107 (full 4):
 def new generation   total 12928K, used 12045K [0x04a00000, 0x05800000, 0x09f50000)
  eden space 11520K, 100% used [0x04a00000, 0x05540000, 0x05540000)
  from space 1408K,  37% used [0x056a0000, 0x05723778, 0x05800000)
  to   space 1408K,   0% used [0x05540000, 0x05540000, 0x056a0000)
 tenured generation   total 28516K, used 25735K [0x09f50000, 0x0bb29000, 0x14a00000)
   the space 28516K,  90% used [0x09f50000, 0x0b871c90, 0x0b871e00, 0x0bb29000)
 Metaspace       used 30732K, capacity 32162K, committed 32256K, reserved 33152K
Event: 526.680 GC heap after
Heap after GC invocations=108 (full 4):
 def new generation   total 12928K, used 422K [0x04a00000, 0x05800000, 0x09f50000)
  eden space 11520K,   0% used [0x04a00000, 0x04a00000, 0x05540000)
  from space 1408K,  29% used [0x05540000, 0x055a9920, 0x056a0000)
  to   space 1408K,   0% used [0x056a0000, 0x056a0000, 0x05800000)
 tenured generation   total 28516K, used 25735K [0x09f50000, 0x0bb29000, 0x14a00000)
   the space 28516K,  90% used [0x09f50000, 0x0b871c90, 0x0b871e00, 0x0bb29000)
 Metaspace       used 30732K, capacity 32162K, committed 32256K, reserved 33152K
}

