# JRE version: Java(TM) SE Runtime Environment (8.0_65-b17) (build 1.8.0_65-b17)
# Java VM: Java HotSpot(TM) Client VM (25.65-b01 mixed mode windows-x86 )
Heap:
 def new generation   total 14528K, used 7485K [0x04800000, 0x057c0000, 0x09d50000)
  eden space 12928K,  51% used [0x04800000, 0x04e795f8, 0x054a0000)
  from space 1600K,  53% used [0x05630000, 0x057060e0, 0x057c0000)
  to   space 1600K,   0% used [0x054a0000, 0x054a0000, 0x05630000)
 tenured generation   total 32180K, used 23127K [0x09d50000, 0x0bcbd000, 0x14800000)
   the space 32180K,  71% used [0x09d50000, 0x0b3e5fc8, 0x0b3e6000, 0x0bcbd000)
 Metaspace       used 30959K, capacity 32333K, committed 32384K, reserved 33152K
GC Heap History (10 events):
Event: 22.614 GC heap before
{Heap before GC invocations=103 (full 4):
 def new generation   total 14528K, used 12928K [0x04800000, 0x057c0000, 0x09d50000)
  eden space 12928K, 100% used [0x04800000, 0x054a0000, 0x054a0000)
  from space 1600K,   0% used [0x054a0000, 0x054a0000, 0x05630000)
  to   space 1600K,   0% used [0x05630000, 0x05630000, 0x057c0000)
 tenured generation   total 32180K, used 19305K [0x09d50000, 0x0bcbd000, 0x14800000)
   the space 32180K,  59% used [0x09d50000, 0x0b02a768, 0x0b02a800, 0x0bcbd000)
 Metaspace       used 27324K, capacity 28568K, committed 28672K, reserved 29056K
Event: 22.618 GC heap after
Heap after GC invocations=104 (full 4):
 def new generation   total 14528K, used 1203K [0x04800000, 0x057c0000, 0x09d50000)
  eden space 12928K,   0% used [0x04800000, 0x04800000, 0x054a0000)
  from space 1600K,  75% used [0x05630000, 0x0575cc30, 0x057c0000)
  to   space 1600K,   0% used [0x054a0000, 0x054a0000, 0x05630000)
 tenured generation   total 32180K, used 19305K [0x09d50000, 0x0bcbd000, 0x14800000)
   the space 32180K,  59% used [0x09d50000, 0x0b02a768, 0x0b02a800, 0x0bcbd000)
 Metaspace       used 27324K, capacity 28568K, committed 28672K, reserved 29056K
}
Event: 22.763 GC heap before
{Heap before GC invocations=104 (full 4):
 def new generation   total 14528K, used 14131K [0x04800000, 0x057c0000, 0x09d50000)
  eden space 12928K, 100% used [0x04800000, 0x054a0000, 0x054a0000)
  from space 1600K,  75% used [0x05630000, 0x0575cc30, 0x057c0000)
  to   space 1600K,   0% used [0x054a0000, 0x054a0000, 0x05630000)
 tenured generation   total 32180K, used 19305K [0x09d50000, 0x0bcbd000, 0x14800000)
   the space 32180K,  59% used [0x09d50000, 0x0b02a768, 0x0b02a800, 0x0bcbd000)
 Metaspace       used 28310K, capacity 29585K, committed 29696K, reserved 30080K
Event: 22.769 GC heap after
Heap after GC invocations=105 (full 4):
 def new generation   total 14528K, used 1600K [0x04800000, 0x057c0000, 0x09d50000)
  eden space 12928K,   0% used [0x04800000, 0x04800000, 0x054a0000)
  from space 1600K, 100% used [0x054a0000, 0x05630000, 0x05630000)
  to   space 1600K,   0% used [0x05630000, 0x05630000, 0x057c0000)
 tenured generation   total 32180K, used 20176K [0x09d50000, 0x0bcbd000, 0x14800000)
   the space 32180K,  62% used [0x09d50000, 0x0b104268, 0x0b104400, 0x0bcbd000)
 Metaspace       used 28310K, capacity 29585K, committed 29696K, reserved 30080K
}
Event: 22.958 GC heap before
{Heap before GC invocations=105 (full 4):
 def new generation   total 14528K, used 14528K [0x04800000, 0x057c0000, 0x09d50000)
  eden space 12928K, 100% used [0x04800000, 0x054a0000, 0x054a0000)
  from space 1600K, 100% used [0x054a0000, 0x05630000, 0x05630000)
  to   space 1600K,   0% used [0x05630000, 0x05630000, 0x057c0000)
 tenured generation   total 32180K, used 20176K [0x09d50000, 0x0bcbd000, 0x14800000)
   the space 32180K,  62% used [0x09d50000, 0x0b104268, 0x0b104400, 0x0bcbd000)
 Metaspace       used 29339K, capacity 30675K, committed 30720K, reserved 31104K
Event: 22.965 GC heap after
Heap after GC invocations=106 (full 4):
 def new generation   total 14528K, used 1600K [0x04800000, 0x057c0000, 0x09d50000)
  eden space 12928K,   0% used [0x04800000, 0x04800000, 0x054a0000)
  from space 1600K, 100% used [0x05630000, 0x057c0000, 0x057c0000)
  to   space 1600K,   0% used [0x054a0000, 0x054a0000, 0x05630000)
 tenured generation   total 32180K, used 21666K [0x09d50000, 0x0bcbd000, 0x14800000)
   the space 32180K,  67% used [0x09d50000, 0x0b2789b0, 0x0b278a00, 0x0bcbd000)
 Metaspace       used 29339K, capacity 30675K, committed 30720K, reserved 31104K
}
Event: 23.591 GC heap before
{Heap before GC invocations=106 (full 4):
 def new generation   total 14528K, used 14528K [0x04800000, 0x057c0000, 0x09d50000)
  eden space 12928K, 100% used [0x04800000, 0x054a0000, 0x054a0000)
  from space 1600K, 100% used [0x05630000, 0x057c0000, 0x057c0000)
  to   space 1600K,   0% used [0x054a0000, 0x054a0000, 0x05630000)
 tenured generation   total 32180K, used 21666K [0x09d50000, 0x0bcbd000, 0x14800000)
   the space 32180K,  67% used [0x09d50000, 0x0b2789b0, 0x0b278a00, 0x0bcbd000)
 Metaspace       used 29934K, capacity 31296K, committed 31360K, reserved 32128K
Event: 23.600 GC heap after
Heap after GC invocations=107 (full 4):
 def new generation   total 14528K, used 1240K [0x04800000, 0x057c0000, 0x09d50000)
  eden space 12928K,   0% used [0x04800000, 0x04800000, 0x054a0000)
  from space 1600K,  77% used [0x054a0000, 0x055d6170, 0x05630000)
  to   space 1600K,   0% used [0x05630000, 0x05630000, 0x057c0000)
 tenured generation   total 32180K, used 22682K [0x09d50000, 0x0bcbd000, 0x14800000)
   the space 32180K,  70% used [0x09d50000, 0x0b376830, 0x0b376a00, 0x0bcbd000)
 Metaspace       used 29934K, capacity 31296K, committed 31360K, reserved 32128K
}
Event: 35.997 GC heap before
{Heap before GC invocations=107 (full 4):
 def new generation   total 14528K, used 14168K [0x04800000, 0x057c0000, 0x09d50000)
  eden space 12928K, 100% used [0x04800000, 0x054a0000, 0x054a0000)
  from space 1600K,  77% used [0x054a0000, 0x055d6170, 0x05630000)
  to   space 1600K,   0% used [0x05630000, 0x05630000, 0x057c0000)
 tenured generation   total 32180K, used 22682K [0x09d50000, 0x0bcbd000, 0x14800000)
   the space 32180K,  70% used [0x09d50000, 0x0b376830, 0x0b376a00, 0x0bcbd000)
 Metaspace       used 30707K, capacity 32072K, committed 32128K, reserved 32128K
Event: 36.002 GC heap after
Heap after GC invocations=108 (full 4):
 def new generation   total 14528K, used 856K [0x04800000, 0x057c0000, 0x09d50000)
  eden space 12928K,   0% used [0x04800000, 0x04800000, 0x054a0000)
  from space 1600K,  53% used [0x05630000, 0x057060e0, 0x057c0000)
  to   space 1600K,   0% used [0x054a0000, 0x054a0000, 0x05630000)
 tenured generation   total 32180K, used 23127K [0x09d50000, 0x0bcbd000, 0x14800000)
   the space 32180K,  71% used [0x09d50000, 0x0b3e5fc8, 0x0b3e6000, 0x0bcbd000)
 Metaspace       used 30707K, capacity 32072K, committed 32128K, reserved 32128K
}

