# JRE version: Java(TM) SE Runtime Environment (8.0_65-b17) (build 1.8.0_65-b17)
# Java VM: Java HotSpot(TM) Client VM (25.65-b01 mixed mode windows-x86 )
Heap:
 def new generation   total 12288K, used 2764K [0x04600000, 0x05350000, 0x09b50000)
  eden space 10944K,  22% used [0x04600000, 0x0486a8a8, 0x050b0000)
  from space 1344K,  21% used [0x05200000, 0x052489d8, 0x05350000)
  to   space 1344K,   0% used [0x050b0000, 0x050b0000, 0x05200000)
 tenured generation   total 27120K, used 25869K [0x09b50000, 0x0b5cc000, 0x14600000)
   the space 27120K,  95% used [0x09b50000, 0x0b493560, 0x0b493600, 0x0b5cc000)
 Metaspace       used 30799K, capacity 32287K, committed 32384K, reserved 33152K
GC Heap History (10 events):
Event: 119.996 GC heap before
{Heap before GC invocations=104 (full 4):
 def new generation   total 12288K, used 11722K [0x04600000, 0x05350000, 0x09b50000)
  eden space 10944K, 100% used [0x04600000, 0x050b0000, 0x050b0000)
  from space 1344K,  57% used [0x050b0000, 0x05172a38, 0x05200000)
  to   space 1344K,   0% used [0x05200000, 0x05200000, 0x05350000)
 tenured generation   total 27120K, used 25443K [0x09b50000, 0x0b5cc000, 0x14600000)
   the space 27120K,  93% used [0x09b50000, 0x0b428dd0, 0x0b428e00, 0x0b5cc000)
 Metaspace       used 30761K, capacity 32227K, committed 32256K, reserved 33152K
Event: 120.000 GC heap after
Heap after GC invocations=105 (full 4):
 def new generation   total 12288K, used 275K [0x04600000, 0x05350000, 0x09b50000)
  eden space 10944K,   0% used [0x04600000, 0x04600000, 0x050b0000)
  from space 1344K,  20% used [0x05200000, 0x05244fd0, 0x05350000)
  to   space 1344K,   0% used [0x050b0000, 0x050b0000, 0x05200000)
 tenured generation   total 27120K, used 25869K [0x09b50000, 0x0b5cc000, 0x14600000)
   the space 27120K,  95% used [0x09b50000, 0x0b493560, 0x0b493600, 0x0b5cc000)
 Metaspace       used 30761K, capacity 32227K, committed 32256K, reserved 33152K
}
Event: 201.824 GC heap before
{Heap before GC invocations=105 (full 4):
 def new generation   total 12288K, used 11219K [0x04600000, 0x05350000, 0x09b50000)
  eden space 10944K, 100% used [0x04600000, 0x050b0000, 0x050b0000)
  from space 1344K,  20% used [0x05200000, 0x05244fd0, 0x05350000)
  to   space 1344K,   0% used [0x050b0000, 0x050b0000, 0x05200000)
 tenured generation   total 27120K, used 25869K [0x09b50000, 0x0b5cc000, 0x14600000)
   the space 27120K,  95% used [0x09b50000, 0x0b493560, 0x0b493600, 0x0b5cc000)
 Metaspace       used 30790K, capacity 32274K, committed 32384K, reserved 33152K
Event: 201.827 GC heap after
Heap after GC invocations=106 (full 4):
 def new generation   total 12288K, used 179K [0x04600000, 0x05350000, 0x09b50000)
  eden space 10944K,   0% used [0x04600000, 0x04600000, 0x050b0000)
  from space 1344K,  13% used [0x050b0000, 0x050dcde0, 0x05200000)
  to   space 1344K,   0% used [0x05200000, 0x05200000, 0x05350000)
 tenured generation   total 27120K, used 25869K [0x09b50000, 0x0b5cc000, 0x14600000)
   the space 27120K,  95% used [0x09b50000, 0x0b493560, 0x0b493600, 0x0b5cc000)
 Metaspace       used 30790K, capacity 32274K, committed 32384K, reserved 33152K
}
Event: 296.723 GC heap before
{Heap before GC invocations=106 (full 4):
 def new generation   total 12288K, used 11123K [0x04600000, 0x05350000, 0x09b50000)
  eden space 10944K, 100% used [0x04600000, 0x050b0000, 0x050b0000)
  from space 1344K,  13% used [0x050b0000, 0x050dcde0, 0x05200000)
  to   space 1344K,   0% used [0x05200000, 0x05200000, 0x05350000)
 tenured generation   total 27120K, used 25869K [0x09b50000, 0x0b5cc000, 0x14600000)
   the space 27120K,  95% used [0x09b50000, 0x0b493560, 0x0b493600, 0x0b5cc000)
 Metaspace       used 30790K, capacity 32274K, committed 32384K, reserved 33152K
Event: 296.726 GC heap after
Heap after GC invocations=107 (full 4):
 def new generation   total 12288K, used 176K [0x04600000, 0x05350000, 0x09b50000)
  eden space 10944K,   0% used [0x04600000, 0x04600000, 0x050b0000)
  from space 1344K,  13% used [0x05200000, 0x0522c100, 0x05350000)
  to   space 1344K,   0% used [0x050b0000, 0x050b0000, 0x05200000)
 tenured generation   total 27120K, used 25869K [0x09b50000, 0x0b5cc000, 0x14600000)
   the space 27120K,  95% used [0x09b50000, 0x0b493560, 0x0b493600, 0x0b5cc000)
 Metaspace       used 30790K, capacity 32274K, committed 32384K, reserved 33152K
}
Event: 395.238 GC heap before
{Heap before GC invocations=107 (full 4):
 def new generation   total 12288K, used 11120K [0x04600000, 0x05350000, 0x09b50000)
  eden space 10944K, 100% used [0x04600000, 0x050b0000, 0x050b0000)
  from space 1344K,  13% used [0x05200000, 0x0522c100, 0x05350000)
  to   space 1344K,   0% used [0x050b0000, 0x050b0000, 0x05200000)
 tenured generation   total 27120K, used 25869K [0x09b50000, 0x0b5cc000, 0x14600000)
   the space 27120K,  95% used [0x09b50000, 0x0b493560, 0x0b493600, 0x0b5cc000)
 Metaspace       used 30790K, capacity 32274K, committed 32384K, reserved 33152K
Event: 395.242 GC heap after
Heap after GC invocations=108 (full 4):
 def new generation   total 12288K, used 159K [0x04600000, 0x05350000, 0x09b50000)
  eden space 10944K,   0% used [0x04600000, 0x04600000, 0x050b0000)
  from space 1344K,  11% used [0x050b0000, 0x050d7c50, 0x05200000)
  to   space 1344K,   0% used [0x05200000, 0x05200000, 0x05350000)
 tenured generation   total 27120K, used 25869K [0x09b50000, 0x0b5cc000, 0x14600000)
   the space 27120K,  95% used [0x09b50000, 0x0b493560, 0x0b493600, 0x0b5cc000)
 Metaspace       used 30790K, capacity 32274K, committed 32384K, reserved 33152K
}
Event: 478.023 GC heap before
{Heap before GC invocations=108 (full 4):
 def new generation   total 12288K, used 11103K [0x04600000, 0x05350000, 0x09b50000)
  eden space 10944K, 100% used [0x04600000, 0x050b0000, 0x050b0000)
  from space 1344K,  11% used [0x050b0000, 0x050d7c50, 0x05200000)
  to   space 1344K,   0% used [0x05200000, 0x05200000, 0x05350000)
 tenured generation   total 27120K, used 25869K [0x09b50000, 0x0b5cc000, 0x14600000)
   the space 27120K,  95% used [0x09b50000, 0x0b493560, 0x0b493600, 0x0b5cc000)
 Metaspace       used 30799K, capacity 32287K, committed 32384K, reserved 33152K
Event: 478.026 GC heap after
Heap after GC invocations=109 (full 4):
 def new generation   total 12288K, used 290K [0x04600000, 0x05350000, 0x09b50000)
  eden space 10944K,   0% used [0x04600000, 0x04600000, 0x050b0000)
  from space 1344K,  21% used [0x05200000, 0x052489d8, 0x05350000)
  to   space 1344K,   0% used [0x050b0000, 0x050b0000, 0x05200000)
 tenured generation   total 27120K, used 25869K [0x09b50000, 0x0b5cc000, 0x14600000)
   the space 27120K,  95% used [0x09b50000, 0x0b493560, 0x0b493600, 0x0b5cc000)
 Metaspace       used 30799K, capacity 32287K, committed 32384K, reserved 33152K
}

