# JRE version: Java(TM) SE Runtime Environment (8.0_65-b17) (build 1.8.0_65-b17)
# Java VM: Java HotSpot(TM) Client VM (25.65-b01 mixed mode windows-x86 )
Heap:
 def new generation   total 15424K, used 2267K [0x04600000, 0x056b0000, 0x09b50000)
  eden space 13760K,  13% used [0x04600000, 0x047d8058, 0x05370000)
  from space 1664K,  22% used [0x05370000, 0x053ceee0, 0x05510000)
  to   space 1664K,   0% used [0x05510000, 0x05510000, 0x056b0000)
 tenured generation   total 34120K, used 25273K [0x09b50000, 0x0bca2000, 0x14600000)
   the space 34120K,  74% used [0x09b50000, 0x0b3fe5a8, 0x0b3fe600, 0x0bca2000)
 Metaspace       used 31555K, capacity 33092K, committed 33152K, reserved 33152K
GC Heap History (10 events):
Event: 1210.708 GC heap before
{Heap before GC invocations=134 (full 4):
 def new generation   total 15424K, used 14261K [0x04600000, 0x056b0000, 0x09b50000)
  eden space 13760K, 100% used [0x04600000, 0x05370000, 0x05370000)
  from space 1664K,  30% used [0x05510000, 0x0558d468, 0x056b0000)
  to   space 1664K,   0% used [0x05370000, 0x05370000, 0x05510000)
 tenured generation   total 34120K, used 25143K [0x09b50000, 0x0bca2000, 0x14600000)
   the space 34120K,  73% used [0x09b50000, 0x0b3ddd18, 0x0b3dde00, 0x0bca2000)
 Metaspace       used 31555K, capacity 33092K, committed 33152K, reserved 33152K
Event: 1210.713 GC heap after
Heap after GC invocations=135 (full 4):
 def new generation   total 15424K, used 574K [0x04600000, 0x056b0000, 0x09b50000)
  eden space 13760K,   0% used [0x04600000, 0x04600000, 0x05370000)
  from space 1664K,  34% used [0x05370000, 0x053ffb10, 0x05510000)
  to   space 1664K,   0% used [0x05510000, 0x05510000, 0x056b0000)
 tenured generation   total 34120K, used 25156K [0x09b50000, 0x0bca2000, 0x14600000)
   the space 34120K,  73% used [0x09b50000, 0x0b3e1348, 0x0b3e1400, 0x0bca2000)
 Metaspace       used 31555K, capacity 33092K, committed 33152K, reserved 33152K
}
Event: 1266.111 GC heap before
{Heap before GC invocations=135 (full 4):
 def new generation   total 15424K, used 14334K [0x04600000, 0x056b0000, 0x09b50000)
  eden space 13760K, 100% used [0x04600000, 0x05370000, 0x05370000)
  from space 1664K,  34% used [0x05370000, 0x053ffb10, 0x05510000)
  to   space 1664K,   0% used [0x05510000, 0x05510000, 0x056b0000)
 tenured generation   total 34120K, used 25156K [0x09b50000, 0x0bca2000, 0x14600000)
   the space 34120K,  73% used [0x09b50000, 0x0b3e1348, 0x0b3e1400, 0x0bca2000)
 Metaspace       used 31555K, capacity 33092K, committed 33152K, reserved 33152K
Event: 1266.115 GC heap after
Heap after GC invocations=136 (full 4):
 def new generation   total 15424K, used 492K [0x04600000, 0x056b0000, 0x09b50000)
  eden space 13760K,   0% used [0x04600000, 0x04600000, 0x05370000)
  from space 1664K,  29% used [0x05510000, 0x0558b120, 0x056b0000)
  to   space 1664K,   0% used [0x05370000, 0x05370000, 0x05510000)
 tenured generation   total 34120K, used 25208K [0x09b50000, 0x0bca2000, 0x14600000)
   the space 34120K,  73% used [0x09b50000, 0x0b3ee3a0, 0x0b3ee400, 0x0bca2000)
 Metaspace       used 31555K, capacity 33092K, committed 33152K, reserved 33152K
}
Event: 1333.370 GC heap before
{Heap before GC invocations=136 (full 4):
 def new generation   total 15424K, used 14252K [0x04600000, 0x056b0000, 0x09b50000)
  eden space 13760K, 100% used [0x04600000, 0x05370000, 0x05370000)
  from space 1664K,  29% used [0x05510000, 0x0558b120, 0x056b0000)
  to   space 1664K,   0% used [0x05370000, 0x05370000, 0x05510000)
 tenured generation   total 34120K, used 25208K [0x09b50000, 0x0bca2000, 0x14600000)
   the space 34120K,  73% used [0x09b50000, 0x0b3ee3a0, 0x0b3ee400, 0x0bca2000)
 Metaspace       used 31555K, capacity 33092K, committed 33152K, reserved 33152K
Event: 1333.374 GC heap after
Heap after GC invocations=137 (full 4):
 def new generation   total 15424K, used 487K [0x04600000, 0x056b0000, 0x09b50000)
  eden space 13760K,   0% used [0x04600000, 0x04600000, 0x05370000)
  from space 1664K,  29% used [0x05370000, 0x053e9fd8, 0x05510000)
  to   space 1664K,   0% used [0x05510000, 0x05510000, 0x056b0000)
 tenured generation   total 34120K, used 25214K [0x09b50000, 0x0bca2000, 0x14600000)
   the space 34120K,  73% used [0x09b50000, 0x0b3efba8, 0x0b3efc00, 0x0bca2000)
 Metaspace       used 31555K, capacity 33092K, committed 33152K, reserved 33152K
}
Event: 1424.290 GC heap before
{Heap before GC invocations=137 (full 4):
 def new generation   total 15424K, used 14247K [0x04600000, 0x056b0000, 0x09b50000)
  eden space 13760K, 100% used [0x04600000, 0x05370000, 0x05370000)
  from space 1664K,  29% used [0x05370000, 0x053e9fd8, 0x05510000)
  to   space 1664K,   0% used [0x05510000, 0x05510000, 0x056b0000)
 tenured generation   total 34120K, used 25214K [0x09b50000, 0x0bca2000, 0x14600000)
   the space 34120K,  73% used [0x09b50000, 0x0b3efba8, 0x0b3efc00, 0x0bca2000)
 Metaspace       used 31555K, capacity 33092K, committed 33152K, reserved 33152K
Event: 1424.298 GC heap after
Heap after GC invocations=138 (full 4):
 def new generation   total 15424K, used 426K [0x04600000, 0x056b0000, 0x09b50000)
  eden space 13760K,   0% used [0x04600000, 0x04600000, 0x05370000)
  from space 1664K,  25% used [0x05510000, 0x0557a9c0, 0x056b0000)
  to   space 1664K,   0% used [0x05370000, 0x05370000, 0x05510000)
 tenured generation   total 34120K, used 25249K [0x09b50000, 0x0bca2000, 0x14600000)
   the space 34120K,  74% used [0x09b50000, 0x0b3f8410, 0x0b3f8600, 0x0bca2000)
 Metaspace       used 31555K, capacity 33092K, committed 33152K, reserved 33152K
}
Event: 1515.890 GC heap before
{Heap before GC invocations=138 (full 4):
 def new generation   total 15424K, used 14186K [0x04600000, 0x056b0000, 0x09b50000)
  eden space 13760K, 100% used [0x04600000, 0x05370000, 0x05370000)
  from space 1664K,  25% used [0x05510000, 0x0557a9c0, 0x056b0000)
  to   space 1664K,   0% used [0x05370000, 0x05370000, 0x05510000)
 tenured generation   total 34120K, used 25249K [0x09b50000, 0x0bca2000, 0x14600000)
   the space 34120K,  74% used [0x09b50000, 0x0b3f8410, 0x0b3f8600, 0x0bca2000)
 Metaspace       used 31555K, capacity 33092K, committed 33152K, reserved 33152K
Event: 1515.894 GC heap after
Heap after GC invocations=139 (full 4):
 def new generation   total 15424K, used 379K [0x04600000, 0x056b0000, 0x09b50000)
  eden space 13760K,   0% used [0x04600000, 0x04600000, 0x05370000)
  from space 1664K,  22% used [0x05370000, 0x053ceee0, 0x05510000)
  to   space 1664K,   0% used [0x05510000, 0x05510000, 0x056b0000)
 tenured generation   total 34120K, used 25273K [0x09b50000, 0x0bca2000, 0x14600000)
   the space 34120K,  74% used [0x09b50000, 0x0b3fe5a8, 0x0b3fe600, 0x0bca2000)
 Metaspace       used 31555K, capacity 33092K, committed 33152K, reserved 33152K
}

