# JRE version: Java(TM) SE Runtime Environment (8.0_65-b17) (build 1.8.0_65-b17)
# Java VM: Java HotSpot(TM) Client VM (25.65-b01 mixed mode windows-x86 )
Heap:
 def new generation   total 13568K, used 3081K [0x04c00000, 0x05ab0000, 0x0a150000)
  eden space 12096K,  24% used [0x04c00000, 0x04eeefe0, 0x057d0000)
  from space 1472K,   5% used [0x05940000, 0x059536d8, 0x05ab0000)
  to   space 1472K,   0% used [0x057d0000, 0x057d0000, 0x05940000)
 tenured generation   total 29936K, used 20531K [0x0a150000, 0x0be8c000, 0x14c00000)
   the space 29936K,  68% used [0x0a150000, 0x0b55ce40, 0x0b55d000, 0x0be8c000)
 Metaspace       used 27760K, capacity 29071K, committed 29184K, reserved 30080K
GC Heap History (10 events):
Event: 69.217 GC heap before
{Heap before GC invocations=104 (full 3):
 def new generation   total 9792K, used 9642K [0x04c00000, 0x05690000, 0x0a150000)
  eden space 8768K, 100% used [0x04c00000, 0x05490000, 0x05490000)
  from space 1024K,  85% used [0x05490000, 0x0556a8d8, 0x05590000)
  to   space 1024K,   0% used [0x05590000, 0x05590000, 0x05690000)
 tenured generation   total 21488K, used 20775K [0x0a150000, 0x0b64c000, 0x14c00000)
   the space 21488K,  96% used [0x0a150000, 0x0b599fb8, 0x0b59a000, 0x0b64c000)
 Metaspace       used 25003K, capacity 26294K, committed 26368K, reserved 27008K
Event: 69.224 GC heap after
Heap after GC invocations=105 (full 3):
 def new generation   total 9792K, used 620K [0x04c00000, 0x05690000, 0x0a150000)
  eden space 8768K,   0% used [0x04c00000, 0x04c00000, 0x05490000)
  from space 1024K,  60% used [0x05590000, 0x0562b228, 0x05690000)
  to   space 1024K,   0% used [0x05490000, 0x05490000, 0x05590000)
 tenured generation   total 21488K, used 21024K [0x0a150000, 0x0b64c000, 0x14c00000)
   the space 21488K,  97% used [0x0a150000, 0x0b5d82a8, 0x0b5d8400, 0x0b64c000)
 Metaspace       used 25003K, capacity 26294K, committed 26368K, reserved 27008K
}
Event: 69.316 GC heap before
{Heap before GC invocations=105 (full 3):
 def new generation   total 9792K, used 9388K [0x04c00000, 0x05690000, 0x0a150000)
  eden space 8768K, 100% used [0x04c00000, 0x05490000, 0x05490000)
  from space 1024K,  60% used [0x05590000, 0x0562b228, 0x05690000)
  to   space 1024K,   0% used [0x05490000, 0x05490000, 0x05590000)
 tenured generation   total 21488K, used 21024K [0x0a150000, 0x0b64c000, 0x14c00000)
   the space 21488K,  97% used [0x0a150000, 0x0b5d82a8, 0x0b5d8400, 0x0b64c000)
 Metaspace       used 25862K, capacity 27193K, committed 27264K, reserved 28032K
Event: 69.403 GC heap after
Heap after GC invocations=106 (full 4):
 def new generation   total 13568K, used 0K [0x04c00000, 0x05ab0000, 0x0a150000)
  eden space 12096K,   0% used [0x04c00000, 0x04c00000, 0x057d0000)
  from space 1472K,   0% used [0x057d0000, 0x057d0000, 0x05940000)
  to   space 1472K,   0% used [0x05940000, 0x05940000, 0x05ab0000)
 tenured generation   total 29936K, used 17960K [0x0a150000, 0x0be8c000, 0x14c00000)
   the space 29936K,  59% used [0x0a150000, 0x0b2da108, 0x0b2da200, 0x0be8c000)
 Metaspace       used 25774K, capacity 27073K, committed 27264K, reserved 28032K
}
Event: 69.547 GC heap before
{Heap before GC invocations=106 (full 4):
 def new generation   total 13568K, used 12096K [0x04c00000, 0x05ab0000, 0x0a150000)
  eden space 12096K, 100% used [0x04c00000, 0x057d0000, 0x057d0000)
  from space 1472K,   0% used [0x057d0000, 0x057d0000, 0x05940000)
  to   space 1472K,   0% used [0x05940000, 0x05940000, 0x05ab0000)
 tenured generation   total 29936K, used 17960K [0x0a150000, 0x0be8c000, 0x14c00000)
   the space 29936K,  59% used [0x0a150000, 0x0b2da108, 0x0b2da200, 0x0be8c000)
 Metaspace       used 26959K, capacity 28290K, committed 28416K, reserved 29056K
Event: 69.552 GC heap after
Heap after GC invocations=107 (full 4):
 def new generation   total 13568K, used 1472K [0x04c00000, 0x05ab0000, 0x0a150000)
  eden space 12096K,   0% used [0x04c00000, 0x04c00000, 0x057d0000)
  from space 1472K, 100% used [0x05940000, 0x05ab0000, 0x05ab0000)
  to   space 1472K,   0% used [0x057d0000, 0x057d0000, 0x05940000)
 tenured generation   total 29936K, used 18496K [0x0a150000, 0x0be8c000, 0x14c00000)
   the space 29936K,  61% used [0x0a150000, 0x0b3600e8, 0x0b360200, 0x0be8c000)
 Metaspace       used 26959K, capacity 28290K, committed 28416K, reserved 29056K
}
Event: 92.108 GC heap before
{Heap before GC invocations=107 (full 4):
 def new generation   total 13568K, used 13568K [0x04c00000, 0x05ab0000, 0x0a150000)
  eden space 12096K, 100% used [0x04c00000, 0x057d0000, 0x057d0000)
  from space 1472K, 100% used [0x05940000, 0x05ab0000, 0x05ab0000)
  to   space 1472K,   0% used [0x057d0000, 0x057d0000, 0x05940000)
 tenured generation   total 29936K, used 18496K [0x0a150000, 0x0be8c000, 0x14c00000)
   the space 29936K,  61% used [0x0a150000, 0x0b3600e8, 0x0b360200, 0x0be8c000)
 Metaspace       used 27758K, capacity 29069K, committed 29184K, reserved 30080K
Event: 92.113 GC heap after
Heap after GC invocations=108 (full 4):
 def new generation   total 13568K, used 1471K [0x04c00000, 0x05ab0000, 0x0a150000)
  eden space 12096K,   0% used [0x04c00000, 0x04c00000, 0x057d0000)
  from space 1472K,  99% used [0x057d0000, 0x0593fff8, 0x05940000)
  to   space 1472K,   0% used [0x05940000, 0x05940000, 0x05ab0000)
 tenured generation   total 29936K, used 19834K [0x0a150000, 0x0be8c000, 0x14c00000)
   the space 29936K,  66% used [0x0a150000, 0x0b4aeb70, 0x0b4aec00, 0x0be8c000)
 Metaspace       used 27758K, capacity 29069K, committed 29184K, reserved 30080K
}
Event: 156.047 GC heap before
{Heap before GC invocations=108 (full 4):
 def new generation   total 13568K, used 13567K [0x04c00000, 0x05ab0000, 0x0a150000)
  eden space 12096K, 100% used [0x04c00000, 0x057d0000, 0x057d0000)
  from space 1472K,  99% used [0x057d0000, 0x0593fff8, 0x05940000)
  to   space 1472K,   0% used [0x05940000, 0x05940000, 0x05ab0000)
 tenured generation   total 29936K, used 19834K [0x0a150000, 0x0be8c000, 0x14c00000)
   the space 29936K,  66% used [0x0a150000, 0x0b4aeb70, 0x0b4aec00, 0x0be8c000)
 Metaspace       used 27760K, capacity 29071K, committed 29184K, reserved 30080K
Event: 156.050 GC heap after
Heap after GC invocations=109 (full 4):
 def new generation   total 13568K, used 77K [0x04c00000, 0x05ab0000, 0x0a150000)
  eden space 12096K,   0% used [0x04c00000, 0x04c00000, 0x057d0000)
  from space 1472K,   5% used [0x05940000, 0x059536d8, 0x05ab0000)
  to   space 1472K,   0% used [0x057d0000, 0x057d0000, 0x05940000)
 tenured generation   total 29936K, used 20531K [0x0a150000, 0x0be8c000, 0x14c00000)
   the space 29936K,  68% used [0x0a150000, 0x0b55ce40, 0x0b55d000, 0x0be8c000)
 Metaspace       used 27760K, capacity 29071K, committed 29184K, reserved 30080K
}

