# JRE version: Java(TM) SE Runtime Environment (8.0_65-b17) (build 1.8.0_65-b17)
# Java VM: Java HotSpot(TM) Client VM (25.65-b01 mixed mode windows-x86 )
Heap:
 def new generation   total 11520K, used 10887K [0x04a00000, 0x05680000, 0x09f50000)
  eden space 10240K,  96% used [0x04a00000, 0x0539efc8, 0x05400000)
  from space 1280K,  80% used [0x05400000, 0x05502e30, 0x05540000)
  to   space 1280K,   0% used [0x05540000, 0x05540000, 0x05680000)
 tenured generation   total 25552K, used 20897K [0x09f50000, 0x0b844000, 0x14a00000)
   the space 25552K,  81% used [0x09f50000, 0x0b3b8498, 0x0b3b8600, 0x0b844000)
 Metaspace       used 24102K, capacity 25373K, committed 25472K, reserved 25984K
GC Heap History (10 events):
Event: 5.106 GC heap before
{Heap before GC invocations=81 (full 3):
 def new generation   total 11520K, used 11499K [0x04a00000, 0x05680000, 0x09f50000)
  eden space 10240K, 100% used [0x04a00000, 0x05400000, 0x05400000)
  from space 1280K,  98% used [0x05540000, 0x0567ae18, 0x05680000)
  to   space 1280K,   0% used [0x05400000, 0x05400000, 0x05540000)
 tenured generation   total 25552K, used 18368K [0x09f50000, 0x0b844000, 0x14a00000)
   the space 25552K,  71% used [0x09f50000, 0x0b140220, 0x0b140400, 0x0b844000)
 Metaspace       used 22466K, capacity 23582K, committed 23680K, reserved 23936K
Event: 5.111 GC heap after
Heap after GC invocations=82 (full 3):
 def new generation   total 11520K, used 932K [0x04a00000, 0x05680000, 0x09f50000)
  eden space 10240K,   0% used [0x04a00000, 0x04a00000, 0x05400000)
  from space 1280K,  72% used [0x05400000, 0x054e9310, 0x05540000)
  to   space 1280K,   0% used [0x05540000, 0x05540000, 0x05680000)
 tenured generation   total 25552K, used 19158K [0x09f50000, 0x0b844000, 0x14a00000)
   the space 25552K,  74% used [0x09f50000, 0x0b205900, 0x0b205a00, 0x0b844000)
 Metaspace       used 22466K, capacity 23582K, committed 23680K, reserved 23936K
}
Event: 5.221 GC heap before
{Heap before GC invocations=82 (full 3):
 def new generation   total 11520K, used 11172K [0x04a00000, 0x05680000, 0x09f50000)
  eden space 10240K, 100% used [0x04a00000, 0x05400000, 0x05400000)
  from space 1280K,  72% used [0x05400000, 0x054e9310, 0x05540000)
  to   space 1280K,   0% used [0x05540000, 0x05540000, 0x05680000)
 tenured generation   total 25552K, used 19158K [0x09f50000, 0x0b844000, 0x14a00000)
   the space 25552K,  74% used [0x09f50000, 0x0b205900, 0x0b205a00, 0x0b844000)
 Metaspace       used 22758K, capacity 23885K, committed 23936K, reserved 23936K
Event: 5.226 GC heap after
Heap after GC invocations=83 (full 3):
 def new generation   total 11520K, used 975K [0x04a00000, 0x05680000, 0x09f50000)
  eden space 10240K,   0% used [0x04a00000, 0x04a00000, 0x05400000)
  from space 1280K,  76% used [0x05540000, 0x05633cd8, 0x05680000)
  to   space 1280K,   0% used [0x05400000, 0x05400000, 0x05540000)
 tenured generation   total 25552K, used 19426K [0x09f50000, 0x0b844000, 0x14a00000)
   the space 25552K,  76% used [0x09f50000, 0x0b248b98, 0x0b248c00, 0x0b844000)
 Metaspace       used 22758K, capacity 23885K, committed 23936K, reserved 23936K
}
Event: 5.306 GC heap before
{Heap before GC invocations=83 (full 3):
 def new generation   total 11520K, used 11215K [0x04a00000, 0x05680000, 0x09f50000)
  eden space 10240K, 100% used [0x04a00000, 0x05400000, 0x05400000)
  from space 1280K,  76% used [0x05540000, 0x05633cd8, 0x05680000)
  to   space 1280K,   0% used [0x05400000, 0x05400000, 0x05540000)
 tenured generation   total 25552K, used 19426K [0x09f50000, 0x0b844000, 0x14a00000)
   the space 25552K,  76% used [0x09f50000, 0x0b248b98, 0x0b248c00, 0x0b844000)
 Metaspace       used 23098K, capacity 24275K, committed 24320K, reserved 24960K
Event: 5.311 GC heap after
Heap after GC invocations=84 (full 3):
 def new generation   total 11520K, used 997K [0x04a00000, 0x05680000, 0x09f50000)
  eden space 10240K,   0% used [0x04a00000, 0x04a00000, 0x05400000)
  from space 1280K,  77% used [0x05400000, 0x054f97b8, 0x05540000)
  to   space 1280K,   0% used [0x05540000, 0x05540000, 0x05680000)
 tenured generation   total 25552K, used 19989K [0x09f50000, 0x0b844000, 0x14a00000)
   the space 25552K,  78% used [0x09f50000, 0x0b2d5420, 0x0b2d5600, 0x0b844000)
 Metaspace       used 23098K, capacity 24275K, committed 24320K, reserved 24960K
}
Event: 5.398 GC heap before
{Heap before GC invocations=84 (full 3):
 def new generation   total 11520K, used 11237K [0x04a00000, 0x05680000, 0x09f50000)
  eden space 10240K, 100% used [0x04a00000, 0x05400000, 0x05400000)
  from space 1280K,  77% used [0x05400000, 0x054f97b8, 0x05540000)
  to   space 1280K,   0% used [0x05540000, 0x05540000, 0x05680000)
 tenured generation   total 25552K, used 19989K [0x09f50000, 0x0b844000, 0x14a00000)
   the space 25552K,  78% used [0x09f50000, 0x0b2d5420, 0x0b2d5600, 0x0b844000)
 Metaspace       used 23436K, capacity 24658K, committed 24704K, reserved 24960K
Event: 5.402 GC heap after
Heap after GC invocations=85 (full 3):
 def new generation   total 11520K, used 907K [0x04a00000, 0x05680000, 0x09f50000)
  eden space 10240K,   0% used [0x04a00000, 0x04a00000, 0x05400000)
  from space 1280K,  70% used [0x05540000, 0x05622d00, 0x05680000)
  to   space 1280K,   0% used [0x05400000, 0x05400000, 0x05540000)
 tenured generation   total 25552K, used 20520K [0x09f50000, 0x0b844000, 0x14a00000)
   the space 25552K,  80% used [0x09f50000, 0x0b35a0f0, 0x0b35a200, 0x0b844000)
 Metaspace       used 23436K, capacity 24658K, committed 24704K, reserved 24960K
}
Event: 5.486 GC heap before
{Heap before GC invocations=85 (full 3):
 def new generation   total 11520K, used 11147K [0x04a00000, 0x05680000, 0x09f50000)
  eden space 10240K, 100% used [0x04a00000, 0x05400000, 0x05400000)
  from space 1280K,  70% used [0x05540000, 0x05622d00, 0x05680000)
  to   space 1280K,   0% used [0x05400000, 0x05400000, 0x05540000)
 tenured generation   total 25552K, used 20520K [0x09f50000, 0x0b844000, 0x14a00000)
   the space 25552K,  80% used [0x09f50000, 0x0b35a0f0, 0x0b35a200, 0x0b844000)
 Metaspace       used 23713K, capacity 24926K, committed 24960K, reserved 24960K
Event: 5.493 GC heap after
Heap after GC invocations=86 (full 3):
 def new generation   total 11520K, used 1035K [0x04a00000, 0x05680000, 0x09f50000)
  eden space 10240K,   0% used [0x04a00000, 0x04a00000, 0x05400000)
  from space 1280K,  80% used [0x05400000, 0x05502e30, 0x05540000)
  to   space 1280K,   0% used [0x05540000, 0x05540000, 0x05680000)
 tenured generation   total 25552K, used 20897K [0x09f50000, 0x0b844000, 0x14a00000)
   the space 25552K,  81% used [0x09f50000, 0x0b3b8498, 0x0b3b8600, 0x0b844000)
 Metaspace       used 23713K, capacity 24926K, committed 24960K, reserved 24960K
}

