# JRE version: Java(TM) SE Runtime Environment (8.0_65-b17) (build 1.8.0_65-b17)
# Java VM: Java HotSpot(TM) Client VM (25.65-b01 mixed mode windows-x86 )
Heap:
 def new generation   total 15232K, used 12070K [0x05000000, 0x06080000, 0x0a550000)
  eden space 13568K,  88% used [0x05000000, 0x05bc9b38, 0x05d40000)
  from space 1664K,   0% used [0x05d40000, 0x05d40000, 0x05ee0000)
  to   space 1664K,   0% used [0x05ee0000, 0x05ee0000, 0x06080000)
 tenured generation   total 33652K, used 20190K [0x0a550000, 0x0c62d000, 0x15000000)
   the space 33652K,  59% used [0x0a550000, 0x0b907b08, 0x0b907c00, 0x0c62d000)
 Metaspace       used 27781K, capacity 29074K, committed 29184K, reserved 30080K
GC Heap History (10 events):
Event: 7.511 GC heap before
{Heap before GC invocations=101 (full 3):
 def new generation   total 10368K, used 9978K [0x05000000, 0x05b30000, 0x0a550000)
  eden space 9280K, 100% used [0x05000000, 0x05910000, 0x05910000)
  from space 1088K,  64% used [0x05a20000, 0x05aceb80, 0x05b30000)
  to   space 1088K,   0% used [0x05910000, 0x05910000, 0x05a20000)
 tenured generation   total 22852K, used 20067K [0x0a550000, 0x0bba1000, 0x15000000)
   the space 22852K,  87% used [0x0a550000, 0x0b8e8f70, 0x0b8e9000, 0x0bba1000)
 Metaspace       used 24076K, capacity 25378K, committed 25472K, reserved 25984K
Event: 7.518 GC heap after
Heap after GC invocations=102 (full 3):
 def new generation   total 10368K, used 1008K [0x05000000, 0x05b30000, 0x0a550000)
  eden space 9280K,   0% used [0x05000000, 0x05000000, 0x05910000)
  from space 1088K,  92% used [0x05910000, 0x05a0c0e0, 0x05a20000)
  to   space 1088K,   0% used [0x05a20000, 0x05a20000, 0x05b30000)
 tenured generation   total 22852K, used 20236K [0x0a550000, 0x0bba1000, 0x15000000)
   the space 22852K,  88% used [0x0a550000, 0x0b913180, 0x0b913200, 0x0bba1000)
 Metaspace       used 24076K, capacity 25378K, committed 25472K, reserved 25984K
}
Event: 13.792 GC heap before
{Heap before GC invocations=102 (full 3):
 def new generation   total 10368K, used 10288K [0x05000000, 0x05b30000, 0x0a550000)
  eden space 9280K, 100% used [0x05000000, 0x05910000, 0x05910000)
  from space 1088K,  92% used [0x05910000, 0x05a0c0e0, 0x05a20000)
  to   space 1088K,   0% used [0x05a20000, 0x05a20000, 0x05b30000)
 tenured generation   total 22852K, used 20236K [0x0a550000, 0x0bba1000, 0x15000000)
   the space 22852K,  88% used [0x0a550000, 0x0b913180, 0x0b913200, 0x0bba1000)
 Metaspace       used 24606K, capacity 25861K, committed 25984K, reserved 25984K
Event: 13.800 GC heap after
Heap after GC invocations=103 (full 3):
 def new generation   total 10368K, used 1088K [0x05000000, 0x05b30000, 0x0a550000)
  eden space 9280K,   0% used [0x05000000, 0x05000000, 0x05910000)
  from space 1088K, 100% used [0x05a20000, 0x05b30000, 0x05b30000)
  to   space 1088K,   0% used [0x05910000, 0x05910000, 0x05a20000)
 tenured generation   total 22852K, used 20832K [0x0a550000, 0x0bba1000, 0x15000000)
   the space 22852K,  91% used [0x0a550000, 0x0b9a8208, 0x0b9a8400, 0x0bba1000)
 Metaspace       used 24606K, capacity 25861K, committed 25984K, reserved 25984K
}
Event: 13.880 GC heap before
{Heap before GC invocations=103 (full 3):
 def new generation   total 10368K, used 10368K [0x05000000, 0x05b30000, 0x0a550000)
  eden space 9280K, 100% used [0x05000000, 0x05910000, 0x05910000)
  from space 1088K, 100% used [0x05a20000, 0x05b30000, 0x05b30000)
  to   space 1088K,   0% used [0x05910000, 0x05910000, 0x05a20000)
 tenured generation   total 22852K, used 20832K [0x0a550000, 0x0bba1000, 0x15000000)
   the space 22852K,  91% used [0x0a550000, 0x0b9a8208, 0x0b9a8400, 0x0bba1000)
 Metaspace       used 25042K, capacity 26331K, committed 26368K, reserved 27008K
Event: 13.887 GC heap after
Heap after GC invocations=104 (full 3):
 def new generation   total 10368K, used 670K [0x05000000, 0x05b30000, 0x0a550000)
  eden space 9280K,   0% used [0x05000000, 0x05000000, 0x05910000)
  from space 1088K,  61% used [0x05910000, 0x059b7988, 0x05a20000)
  to   space 1088K,   0% used [0x05a20000, 0x05a20000, 0x05b30000)
 tenured generation   total 22852K, used 21441K [0x0a550000, 0x0bba1000, 0x15000000)
   the space 22852K,  93% used [0x0a550000, 0x0ba40528, 0x0ba40600, 0x0bba1000)
 Metaspace       used 25042K, capacity 26331K, committed 26368K, reserved 27008K
}
Event: 13.996 GC heap before
{Heap before GC invocations=104 (full 3):
 def new generation   total 10368K, used 9950K [0x05000000, 0x05b30000, 0x0a550000)
  eden space 9280K, 100% used [0x05000000, 0x05910000, 0x05910000)
  from space 1088K,  61% used [0x05910000, 0x059b7988, 0x05a20000)
  to   space 1088K,   0% used [0x05a20000, 0x05a20000, 0x05b30000)
 tenured generation   total 22852K, used 21441K [0x0a550000, 0x0bba1000, 0x15000000)
   the space 22852K,  93% used [0x0a550000, 0x0ba40528, 0x0ba40600, 0x0bba1000)
 Metaspace       used 26002K, capacity 27321K, committed 27392K, reserved 28032K
Event: 14.001 GC heap after
Heap after GC invocations=105 (full 3):
 def new generation   total 10368K, used 1087K [0x05000000, 0x05b30000, 0x0a550000)
  eden space 9280K,   0% used [0x05000000, 0x05000000, 0x05910000)
  from space 1088K,  99% used [0x05a20000, 0x05b2fff8, 0x05b30000)
  to   space 1088K,   0% used [0x05910000, 0x05910000, 0x05a20000)
 tenured generation   total 22852K, used 22015K [0x0a550000, 0x0bba1000, 0x15000000)
   the space 22852K,  96% used [0x0a550000, 0x0bacfd18, 0x0bacfe00, 0x0bba1000)
 Metaspace       used 26002K, capacity 27321K, committed 27392K, reserved 28032K
}
Event: 14.110 GC heap before
{Heap before GC invocations=105 (full 3):
 def new generation   total 10368K, used 10367K [0x05000000, 0x05b30000, 0x0a550000)
  eden space 9280K, 100% used [0x05000000, 0x05910000, 0x05910000)
  from space 1088K,  99% used [0x05a20000, 0x05b2fff8, 0x05b30000)
  to   space 1088K,   0% used [0x05910000, 0x05910000, 0x05a20000)
 tenured generation   total 22852K, used 22015K [0x0a550000, 0x0bba1000, 0x15000000)
   the space 22852K,  96% used [0x0a550000, 0x0bacfd18, 0x0bacfe00, 0x0bba1000)
 Metaspace       used 26936K, capacity 28264K, committed 28288K, reserved 29056K
Event: 14.205 GC heap after
Heap after GC invocations=106 (full 4):
 def new generation   total 15232K, used 0K [0x05000000, 0x06080000, 0x0a550000)
  eden space 13568K,   0% used [0x05000000, 0x05000000, 0x05d40000)
  from space 1664K,   0% used [0x05d40000, 0x05d40000, 0x05ee0000)
  to   space 1664K,   0% used [0x05ee0000, 0x05ee0000, 0x06080000)
 tenured generation   total 33652K, used 20190K [0x0a550000, 0x0c62d000, 0x15000000)
   the space 33652K,  59% used [0x0a550000, 0x0b907b08, 0x0b907c00, 0x0c62d000)
 Metaspace       used 26878K, capacity 28182K, committed 28288K, reserved 29056K
}

