# JRE version: Java(TM) SE Runtime Environment (8.0_65-b17) (build 1.8.0_65-b17)
# Java VM: Java HotSpot(TM) Client VM (25.65-b01 mixed mode windows-x86 )
Heap:
 def new generation   total 11008K, used 8409K [0x05000000, 0x05bf0000, 0x0a550000)
  eden space 9792K,  85% used [0x05000000, 0x058325a8, 0x05990000)
  from space 1216K,   1% used [0x05990000, 0x05994160, 0x05ac0000)
  to   space 1216K,   0% used [0x05ac0000, 0x05ac0000, 0x05bf0000)
 tenured generation   total 24332K, used 17598K [0x0a550000, 0x0bd13000, 0x15000000)
   the space 24332K,  72% used [0x0a550000, 0x0b67fb60, 0x0b67fc00, 0x0bd13000)
 Metaspace       used 22987K, capacity 24282K, committed 24320K, reserved 24960K
GC Heap History (10 events):
Event: 214.248 GC heap before
{Heap before GC invocations=79 (full 3):
 def new generation   total 11008K, used 9812K [0x05000000, 0x05bf0000, 0x0a550000)
  eden space 9792K, 100% used [0x05000000, 0x05990000, 0x05990000)
  from space 1216K,   1% used [0x05ac0000, 0x05ac5080, 0x05bf0000)
  to   space 1216K,   0% used [0x05990000, 0x05990000, 0x05ac0000)
 tenured generation   total 24332K, used 17598K [0x0a550000, 0x0bd13000, 0x15000000)
   the space 24332K,  72% used [0x0a550000, 0x0b67fb60, 0x0b67fc00, 0x0bd13000)
 Metaspace       used 22987K, capacity 24282K, committed 24320K, reserved 24960K
Event: 214.250 GC heap after
Heap after GC invocations=80 (full 3):
 def new generation   total 11008K, used 15K [0x05000000, 0x05bf0000, 0x0a550000)
  eden space 9792K,   0% used [0x05000000, 0x05000000, 0x05990000)
  from space 1216K,   1% used [0x05990000, 0x05993fa8, 0x05ac0000)
  to   space 1216K,   0% used [0x05ac0000, 0x05ac0000, 0x05bf0000)
 tenured generation   total 24332K, used 17598K [0x0a550000, 0x0bd13000, 0x15000000)
   the space 24332K,  72% used [0x0a550000, 0x0b67fb60, 0x0b67fc00, 0x0bd13000)
 Metaspace       used 22987K, capacity 24282K, committed 24320K, reserved 24960K
}
Event: 312.218 GC heap before
{Heap before GC invocations=80 (full 3):
 def new generation   total 11008K, used 9807K [0x05000000, 0x05bf0000, 0x0a550000)
  eden space 9792K, 100% used [0x05000000, 0x05990000, 0x05990000)
  from space 1216K,   1% used [0x05990000, 0x05993fa8, 0x05ac0000)
  to   space 1216K,   0% used [0x05ac0000, 0x05ac0000, 0x05bf0000)
 tenured generation   total 24332K, used 17598K [0x0a550000, 0x0bd13000, 0x15000000)
   the space 24332K,  72% used [0x0a550000, 0x0b67fb60, 0x0b67fc00, 0x0bd13000)
 Metaspace       used 22987K, capacity 24282K, committed 24320K, reserved 24960K
Event: 312.221 GC heap after
Heap after GC invocations=81 (full 3):
 def new generation   total 11008K, used 0K [0x05000000, 0x05bf0000, 0x0a550000)
  eden space 9792K,   0% used [0x05000000, 0x05000000, 0x05990000)
  from space 1216K,   0% used [0x05ac0000, 0x05ac03a8, 0x05bf0000)
  to   space 1216K,   0% used [0x05990000, 0x05990000, 0x05ac0000)
 tenured generation   total 24332K, used 17598K [0x0a550000, 0x0bd13000, 0x15000000)
   the space 24332K,  72% used [0x0a550000, 0x0b67fb60, 0x0b67fc00, 0x0bd13000)
 Metaspace       used 22987K, capacity 24282K, committed 24320K, reserved 24960K
}
Event: 410.266 GC heap before
{Heap before GC invocations=81 (full 3):
 def new generation   total 11008K, used 9792K [0x05000000, 0x05bf0000, 0x0a550000)
  eden space 9792K, 100% used [0x05000000, 0x05990000, 0x05990000)
  from space 1216K,   0% used [0x05ac0000, 0x05ac03a8, 0x05bf0000)
  to   space 1216K,   0% used [0x05990000, 0x05990000, 0x05ac0000)
 tenured generation   total 24332K, used 17598K [0x0a550000, 0x0bd13000, 0x15000000)
   the space 24332K,  72% used [0x0a550000, 0x0b67fb60, 0x0b67fc00, 0x0bd13000)
 Metaspace       used 22987K, capacity 24282K, committed 24320K, reserved 24960K
Event: 410.268 GC heap after
Heap after GC invocations=82 (full 3):
 def new generation   total 11008K, used 16K [0x05000000, 0x05bf0000, 0x0a550000)
  eden space 9792K,   0% used [0x05000000, 0x05000000, 0x05990000)
  from space 1216K,   1% used [0x05990000, 0x05994050, 0x05ac0000)
  to   space 1216K,   0% used [0x05ac0000, 0x05ac0000, 0x05bf0000)
 tenured generation   total 24332K, used 17598K [0x0a550000, 0x0bd13000, 0x15000000)
   the space 24332K,  72% used [0x0a550000, 0x0b67fb60, 0x0b67fc00, 0x0bd13000)
 Metaspace       used 22987K, capacity 24282K, committed 24320K, reserved 24960K
}
Event: 508.220 GC heap before
{Heap before GC invocations=82 (full 3):
 def new generation   total 11008K, used 9808K [0x05000000, 0x05bf0000, 0x0a550000)
  eden space 9792K, 100% used [0x05000000, 0x05990000, 0x05990000)
  from space 1216K,   1% used [0x05990000, 0x05994050, 0x05ac0000)
  to   space 1216K,   0% used [0x05ac0000, 0x05ac0000, 0x05bf0000)
 tenured generation   total 24332K, used 17598K [0x0a550000, 0x0bd13000, 0x15000000)
   the space 24332K,  72% used [0x0a550000, 0x0b67fb60, 0x0b67fc00, 0x0bd13000)
 Metaspace       used 22987K, capacity 24282K, committed 24320K, reserved 24960K
Event: 508.222 GC heap after
Heap after GC invocations=83 (full 3):
 def new generation   total 11008K, used 0K [0x05000000, 0x05bf0000, 0x0a550000)
  eden space 9792K,   0% used [0x05000000, 0x05000000, 0x05990000)
  from space 1216K,   0% used [0x05ac0000, 0x05ac03f8, 0x05bf0000)
  to   space 1216K,   0% used [0x05990000, 0x05990000, 0x05ac0000)
 tenured generation   total 24332K, used 17598K [0x0a550000, 0x0bd13000, 0x15000000)
   the space 24332K,  72% used [0x0a550000, 0x0b67fb60, 0x0b67fc00, 0x0bd13000)
 Metaspace       used 22987K, capacity 24282K, committed 24320K, reserved 24960K
}
Event: 606.286 GC heap before
{Heap before GC invocations=83 (full 3):
 def new generation   total 11008K, used 9792K [0x05000000, 0x05bf0000, 0x0a550000)
  eden space 9792K, 100% used [0x05000000, 0x05990000, 0x05990000)
  from space 1216K,   0% used [0x05ac0000, 0x05ac03f8, 0x05bf0000)
  to   space 1216K,   0% used [0x05990000, 0x05990000, 0x05ac0000)
 tenured generation   total 24332K, used 17598K [0x0a550000, 0x0bd13000, 0x15000000)
   the space 24332K,  72% used [0x0a550000, 0x0b67fb60, 0x0b67fc00, 0x0bd13000)
 Metaspace       used 22987K, capacity 24282K, committed 24320K, reserved 24960K
Event: 606.289 GC heap after
Heap after GC invocations=84 (full 3):
 def new generation   total 11008K, used 16K [0x05000000, 0x05bf0000, 0x0a550000)
  eden space 9792K,   0% used [0x05000000, 0x05000000, 0x05990000)
  from space 1216K,   1% used [0x05990000, 0x05994160, 0x05ac0000)
  to   space 1216K,   0% used [0x05ac0000, 0x05ac0000, 0x05bf0000)
 tenured generation   total 24332K, used 17598K [0x0a550000, 0x0bd13000, 0x15000000)
   the space 24332K,  72% used [0x0a550000, 0x0b67fb60, 0x0b67fc00, 0x0bd13000)
 Metaspace       used 22987K, capacity 24282K, committed 24320K, reserved 24960K
}

